c:\users\liamd\onedrive\documents\visual studio projects\game2d\x64\debug\vc143.pdb
c:\users\liamd\onedrive\documents\visual studio projects\game2d\x64\debug\vc143.idb
c:\users\liamd\onedrive\documents\visual studio projects\game2d\x64\debug\triangle.obj
c:\users\liamd\onedrive\documents\visual studio projects\game2d\x64\debug\stb_image.obj
c:\users\liamd\onedrive\documents\visual studio projects\game2d\x64\debug\shapegeneric.obj
c:\users\liamd\onedrive\documents\visual studio projects\game2d\x64\debug\rectangle.obj
c:\users\liamd\onedrive\documents\visual studio projects\game2d\x64\debug\shape2d.obj
c:\users\liamd\onedrive\documents\visual studio projects\game2d\x64\debug\ray.obj
c:\users\liamd\onedrive\documents\visual studio projects\game2d\x64\debug\player.obj
c:\users\liamd\onedrive\documents\visual studio projects\game2d\x64\debug\main.obj
c:\users\liamd\onedrive\documents\visual studio projects\game2d\x64\debug\glfwview.obj
c:\users\liamd\onedrive\documents\visual studio projects\game2d\x64\debug\glfwgame.obj
c:\users\liamd\onedrive\documents\visual studio projects\game2d\x64\debug\glfwcontroller.obj
c:\users\liamd\onedrive\documents\visual studio projects\game2d\x64\debug\box.obj
c:\users\liamd\onedrive\documents\visual studio projects\game2d\x64\debug\game2d.exe
c:\users\liamd\onedrive\documents\visual studio projects\game2d\x64\debug\game2d.ilk
c:\users\liamd\onedrive\documents\visual studio projects\game2d\x64\debug\game2d.pdb
c:\users\liamd\onedrive\documents\visual studio projects\game2d\x64\debug\game2d.tlog\cl.command.1.tlog
c:\users\liamd\onedrive\documents\visual studio projects\game2d\x64\debug\game2d.tlog\cl.items.tlog
c:\users\liamd\onedrive\documents\visual studio projects\game2d\x64\debug\game2d.tlog\cl.read.1.tlog
c:\users\liamd\onedrive\documents\visual studio projects\game2d\x64\debug\game2d.tlog\cl.write.1.tlog
c:\users\liamd\onedrive\documents\visual studio projects\game2d\x64\debug\game2d.tlog\link.command.1.tlog
c:\users\liamd\onedrive\documents\visual studio projects\game2d\x64\debug\game2d.tlog\link.read.1.tlog
c:\users\liamd\onedrive\documents\visual studio projects\game2d\x64\debug\game2d.tlog\link.write.1.tlog
